{"/Users/erikgerman/Documents/yourMovieApplication/__tests__/helpers/mockDb.js": {"path":"/Users/erikgerman/Documents/yourMovieApplication/__tests__/helpers/mockDb.js","statementMap":{"0":{"start":{"line":1,"column":21},"end":{"line":1,"column":39}},"1":{"start":{"line":8,"column":21},"end":{"line":10,"column":3}},"2":{"start":{"line":12,"column":2},"end":{"line":19,"column":4}},"3":{"start":{"line":26,"column":14},"end":{"line":30,"column":3}},"4":{"start":{"line":32,"column":14},"end":{"line":37,"column":3}},"5":{"start":{"line":39,"column":2},"end":{"line":39,"column":22}},"6":{"start":{"line":46,"column":2},"end":{"line":46,"column":38}},"7":{"start":{"line":49,"column":0},"end":{"line":49,"column":75}}},"fnMap":{"0":{"name":"createMockCollection","decl":{"start":{"line":7,"column":9},"end":{"line":7,"column":29}},"loc":{"start":{"line":7,"column":32},"end":{"line":20,"column":1}},"line":7},"1":{"name":"createMockReqRes","decl":{"start":{"line":25,"column":9},"end":{"line":25,"column":25}},"loc":{"start":{"line":25,"column":42},"end":{"line":40,"column":1}},"line":25},"2":{"name":"validObjectId","decl":{"start":{"line":45,"column":9},"end":{"line":45,"column":22}},"loc":{"start":{"line":45,"column":25},"end":{"line":47,"column":1}},"line":45}},"branchMap":{"0":{"loc":{"start":{"line":25,"column":26},"end":{"line":25,"column":40}},"type":"default-arg","locations":[{"start":{"line":25,"column":38},"end":{"line":25,"column":40}}],"line":25}},"s":{"0":4,"1":4,"2":4,"3":88,"4":88,"5":88,"6":40,"7":4},"f":{"0":4,"1":88,"2":40},"b":{"0":[12]},"_coverageSchema":"1a1c01bbd47fc00a2c39e90264f33305004495a9","hash":"883913936a284a2457f35382b61e9ed8145e885d"}
,"/Users/erikgerman/Documents/yourMovieApplication/controllers/commentsController.js": {"path":"/Users/erikgerman/Documents/yourMovieApplication/controllers/commentsController.js","statementMap":{"0":{"start":{"line":1,"column":16},"end":{"line":1,"column":41}},"1":{"start":{"line":2,"column":17},"end":{"line":2,"column":44}},"2":{"start":{"line":4,"column":24},"end":{"line":6,"column":1}},"3":{"start":{"line":13,"column":4},"end":{"line":13,"column":96}},"4":{"start":{"line":13,"column":45},"end":{"line":13,"column":94}},"5":{"start":{"line":20,"column":4},"end":{"line":20,"column":67}},"6":{"start":{"line":23,"column":23},"end":{"line":32,"column":1}},"7":{"start":{"line":24,"column":4},"end":{"line":31,"column":5}},"8":{"start":{"line":25,"column":23},"end":{"line":25,"column":80}},"9":{"start":{"line":26,"column":25},"end":{"line":26,"column":47}},"10":{"start":{"line":27,"column":8},"end":{"line":27,"column":58}},"11":{"start":{"line":28,"column":8},"end":{"line":28,"column":39}},"12":{"start":{"line":30,"column":8},"end":{"line":30,"column":93}},"13":{"start":{"line":34,"column":25},"end":{"line":62,"column":1}},"14":{"start":{"line":35,"column":4},"end":{"line":61,"column":5}},"15":{"start":{"line":36,"column":26},"end":{"line":36,"column":39}},"16":{"start":{"line":37,"column":27},"end":{"line":37,"column":71}},"17":{"start":{"line":38,"column":21},"end":{"line":38,"column":25}},"18":{"start":{"line":40,"column":8},"end":{"line":52,"column":9}},"19":{"start":{"line":41,"column":12},"end":{"line":45,"column":13}},"20":{"start":{"line":42,"column":16},"end":{"line":42,"column":84}},"21":{"start":{"line":44,"column":16},"end":{"line":44,"column":30}},"22":{"start":{"line":46,"column":12},"end":{"line":49,"column":13}},"23":{"start":{"line":48,"column":16},"end":{"line":48,"column":70}},"24":{"start":{"line":51,"column":12},"end":{"line":51,"column":66}},"25":{"start":{"line":54,"column":8},"end":{"line":54,"column":58}},"26":{"start":{"line":55,"column":8},"end":{"line":57,"column":9}},"27":{"start":{"line":56,"column":12},"end":{"line":56,"column":74}},"28":{"start":{"line":58,"column":8},"end":{"line":58,"column":37}},"29":{"start":{"line":60,"column":8},"end":{"line":60,"column":92}},"30":{"start":{"line":64,"column":19},"end":{"line":89,"column":1}},"31":{"start":{"line":65,"column":4},"end":{"line":88,"column":5}},"32":{"start":{"line":66,"column":24},"end":{"line":66,"column":53}},"33":{"start":{"line":67,"column":8},"end":{"line":72,"column":9}},"34":{"start":{"line":68,"column":12},"end":{"line":71,"column":15}},"35":{"start":{"line":74,"column":27},"end":{"line":81,"column":9}},"36":{"start":{"line":83,"column":23},"end":{"line":83,"column":95}},"37":{"start":{"line":84,"column":8},"end":{"line":84,"column":58}},"38":{"start":{"line":85,"column":8},"end":{"line":85,"column":103}},"39":{"start":{"line":87,"column":8},"end":{"line":87,"column":88}},"40":{"start":{"line":91,"column":22},"end":{"line":127,"column":1}},"41":{"start":{"line":92,"column":4},"end":{"line":126,"column":5}},"42":{"start":{"line":93,"column":26},"end":{"line":93,"column":39}},"43":{"start":{"line":94,"column":8},"end":{"line":96,"column":9}},"44":{"start":{"line":95,"column":12},"end":{"line":95,"column":82}},"45":{"start":{"line":98,"column":24},"end":{"line":98,"column":53}},"46":{"start":{"line":99,"column":8},"end":{"line":104,"column":9}},"47":{"start":{"line":100,"column":12},"end":{"line":103,"column":15}},"48":{"start":{"line":106,"column":24},"end":{"line":113,"column":9}},"49":{"start":{"line":115,"column":25},"end":{"line":118,"column":9}},"50":{"start":{"line":120,"column":8},"end":{"line":122,"column":9}},"51":{"start":{"line":121,"column":12},"end":{"line":121,"column":74}},"52":{"start":{"line":123,"column":8},"end":{"line":123,"column":31}},"53":{"start":{"line":125,"column":8},"end":{"line":125,"column":90}},"54":{"start":{"line":129,"column":22},"end":{"line":147,"column":1}},"55":{"start":{"line":130,"column":4},"end":{"line":146,"column":5}},"56":{"start":{"line":131,"column":26},"end":{"line":131,"column":39}},"57":{"start":{"line":132,"column":8},"end":{"line":134,"column":9}},"58":{"start":{"line":133,"column":12},"end":{"line":133,"column":82}},"59":{"start":{"line":136,"column":25},"end":{"line":138,"column":9}},"60":{"start":{"line":140,"column":8},"end":{"line":142,"column":9}},"61":{"start":{"line":141,"column":12},"end":{"line":141,"column":74}},"62":{"start":{"line":143,"column":8},"end":{"line":143,"column":31}},"63":{"start":{"line":145,"column":8},"end":{"line":145,"column":90}},"64":{"start":{"line":149,"column":0},"end":{"line":149,"column":96}}},"fnMap":{"0":{"name":"validateCommentBody","decl":{"start":{"line":12,"column":9},"end":{"line":12,"column":28}},"loc":{"start":{"line":12,"column":35},"end":{"line":14,"column":1}},"line":12},"1":{"name":"(anonymous_1)","decl":{"start":{"line":13,"column":34},"end":{"line":13,"column":35}},"loc":{"start":{"line":13,"column":45},"end":{"line":13,"column":94}},"line":13},"2":{"name":"isValidObjectId","decl":{"start":{"line":19,"column":9},"end":{"line":19,"column":24}},"loc":{"start":{"line":19,"column":29},"end":{"line":21,"column":1}},"line":19},"3":{"name":"(anonymous_3)","decl":{"start":{"line":23,"column":23},"end":{"line":23,"column":24}},"loc":{"start":{"line":23,"column":43},"end":{"line":32,"column":1}},"line":23},"4":{"name":"(anonymous_4)","decl":{"start":{"line":34,"column":25},"end":{"line":34,"column":26}},"loc":{"start":{"line":34,"column":45},"end":{"line":62,"column":1}},"line":34},"5":{"name":"(anonymous_5)","decl":{"start":{"line":64,"column":19},"end":{"line":64,"column":20}},"loc":{"start":{"line":64,"column":39},"end":{"line":89,"column":1}},"line":64},"6":{"name":"(anonymous_6)","decl":{"start":{"line":91,"column":22},"end":{"line":91,"column":23}},"loc":{"start":{"line":91,"column":42},"end":{"line":127,"column":1}},"line":91},"7":{"name":"(anonymous_7)","decl":{"start":{"line":129,"column":22},"end":{"line":129,"column":23}},"loc":{"start":{"line":129,"column":42},"end":{"line":147,"column":1}},"line":129}},"branchMap":{"0":{"loc":{"start":{"line":13,"column":45},"end":{"line":13,"column":94}},"type":"binary-expr","locations":[{"start":{"line":13,"column":45},"end":{"line":13,"column":70}},{"start":{"line":13,"column":74},"end":{"line":13,"column":94}}],"line":13},"1":{"loc":{"start":{"line":20,"column":11},"end":{"line":20,"column":66}},"type":"binary-expr","locations":[{"start":{"line":20,"column":11},"end":{"line":20,"column":31}},{"start":{"line":20,"column":35},"end":{"line":20,"column":66}}],"line":20},"2":{"loc":{"start":{"line":40,"column":8},"end":{"line":52,"column":9}},"type":"if","locations":[{"start":{"line":40,"column":8},"end":{"line":52,"column":9}},{"start":{"line":50,"column":15},"end":{"line":52,"column":9}}],"line":40},"3":{"loc":{"start":{"line":46,"column":12},"end":{"line":49,"column":13}},"type":"if","locations":[{"start":{"line":46,"column":12},"end":{"line":49,"column":13}},{"start":{},"end":{}}],"line":46},"4":{"loc":{"start":{"line":55,"column":8},"end":{"line":57,"column":9}},"type":"if","locations":[{"start":{"line":55,"column":8},"end":{"line":57,"column":9}},{"start":{},"end":{}}],"line":55},"5":{"loc":{"start":{"line":67,"column":8},"end":{"line":72,"column":9}},"type":"if","locations":[{"start":{"line":67,"column":8},"end":{"line":72,"column":9}},{"start":{},"end":{}}],"line":67},"6":{"loc":{"start":{"line":94,"column":8},"end":{"line":96,"column":9}},"type":"if","locations":[{"start":{"line":94,"column":8},"end":{"line":96,"column":9}},{"start":{},"end":{}}],"line":94},"7":{"loc":{"start":{"line":99,"column":8},"end":{"line":104,"column":9}},"type":"if","locations":[{"start":{"line":99,"column":8},"end":{"line":104,"column":9}},{"start":{},"end":{}}],"line":99},"8":{"loc":{"start":{"line":120,"column":8},"end":{"line":122,"column":9}},"type":"if","locations":[{"start":{"line":120,"column":8},"end":{"line":122,"column":9}},{"start":{},"end":{}}],"line":120},"9":{"loc":{"start":{"line":132,"column":8},"end":{"line":134,"column":9}},"type":"if","locations":[{"start":{"line":132,"column":8},"end":{"line":134,"column":9}},{"start":{},"end":{}}],"line":132},"10":{"loc":{"start":{"line":140,"column":8},"end":{"line":142,"column":9}},"type":"if","locations":[{"start":{"line":140,"column":8},"end":{"line":142,"column":9}},{"start":{},"end":{}}],"line":140}},"s":{"0":1,"1":1,"2":1,"3":9,"4":54,"5":9,"6":1,"7":3,"8":3,"9":3,"10":2,"11":2,"12":1,"13":1,"14":5,"15":5,"16":5,"17":5,"18":5,"19":3,"20":3,"21":0,"22":3,"23":2,"24":2,"25":4,"26":4,"27":1,"28":3,"29":1,"30":1,"31":5,"32":5,"33":5,"34":3,"35":2,"36":2,"37":1,"38":1,"39":1,"40":1,"41":5,"42":5,"43":5,"44":1,"45":4,"46":4,"47":1,"48":3,"49":3,"50":2,"51":1,"52":1,"53":1,"54":1,"55":4,"56":4,"57":4,"58":1,"59":3,"60":2,"61":1,"62":1,"63":1,"64":1},"f":{"0":9,"1":54,"2":9,"3":3,"4":5,"5":5,"6":5,"7":4},"b":{"0":[54,37],"1":[9,7],"2":[3,2],"3":[2,1],"4":[1,3],"5":[3,2],"6":[1,4],"7":[1,3],"8":[1,1],"9":[1,3],"10":[1,1]},"_coverageSchema":"1a1c01bbd47fc00a2c39e90264f33305004495a9","hash":"3a7b6c1e3fe943bea02ace2af21ac2eb7be9b8ac"}
,"/Users/erikgerman/Documents/yourMovieApplication/controllers/mostPopularController.js": {"path":"/Users/erikgerman/Documents/yourMovieApplication/controllers/mostPopularController.js","statementMap":{"0":{"start":{"line":1,"column":16},"end":{"line":1,"column":41}},"1":{"start":{"line":2,"column":17},"end":{"line":2,"column":44}},"2":{"start":{"line":4,"column":24},"end":{"line":8,"column":1}},"3":{"start":{"line":15,"column":4},"end":{"line":15,"column":96}},"4":{"start":{"line":15,"column":45},"end":{"line":15,"column":94}},"5":{"start":{"line":22,"column":4},"end":{"line":22,"column":67}},"6":{"start":{"line":25,"column":22},"end":{"line":34,"column":1}},"7":{"start":{"line":26,"column":4},"end":{"line":33,"column":5}},"8":{"start":{"line":27,"column":23},"end":{"line":27,"column":83}},"9":{"start":{"line":28,"column":23},"end":{"line":28,"column":45}},"10":{"start":{"line":29,"column":8},"end":{"line":29,"column":58}},"11":{"start":{"line":30,"column":8},"end":{"line":30,"column":37}},"12":{"start":{"line":32,"column":8},"end":{"line":32,"column":91}},"13":{"start":{"line":36,"column":25},"end":{"line":64,"column":1}},"14":{"start":{"line":37,"column":4},"end":{"line":63,"column":5}},"15":{"start":{"line":38,"column":24},"end":{"line":38,"column":37}},"16":{"start":{"line":39,"column":27},"end":{"line":39,"column":74}},"17":{"start":{"line":40,"column":21},"end":{"line":40,"column":25}},"18":{"start":{"line":42,"column":8},"end":{"line":54,"column":9}},"19":{"start":{"line":43,"column":12},"end":{"line":47,"column":13}},"20":{"start":{"line":44,"column":16},"end":{"line":44,"column":82}},"21":{"start":{"line":46,"column":16},"end":{"line":46,"column":30}},"22":{"start":{"line":48,"column":12},"end":{"line":51,"column":13}},"23":{"start":{"line":50,"column":16},"end":{"line":50,"column":68}},"24":{"start":{"line":53,"column":12},"end":{"line":53,"column":64}},"25":{"start":{"line":56,"column":8},"end":{"line":56,"column":58}},"26":{"start":{"line":57,"column":8},"end":{"line":59,"column":9}},"27":{"start":{"line":58,"column":12},"end":{"line":58,"column":72}},"28":{"start":{"line":60,"column":8},"end":{"line":60,"column":37}},"29":{"start":{"line":62,"column":8},"end":{"line":62,"column":90}},"30":{"start":{"line":66,"column":19},"end":{"line":102,"column":1}},"31":{"start":{"line":67,"column":4},"end":{"line":101,"column":5}},"32":{"start":{"line":68,"column":24},"end":{"line":68,"column":53}},"33":{"start":{"line":69,"column":8},"end":{"line":74,"column":9}},"34":{"start":{"line":70,"column":12},"end":{"line":73,"column":15}},"35":{"start":{"line":76,"column":27},"end":{"line":94,"column":9}},"36":{"start":{"line":96,"column":23},"end":{"line":96,"column":98}},"37":{"start":{"line":97,"column":8},"end":{"line":97,"column":58}},"38":{"start":{"line":98,"column":8},"end":{"line":98,"column":96}},"39":{"start":{"line":100,"column":8},"end":{"line":100,"column":86}},"40":{"start":{"line":104,"column":22},"end":{"line":151,"column":1}},"41":{"start":{"line":105,"column":4},"end":{"line":150,"column":5}},"42":{"start":{"line":106,"column":24},"end":{"line":106,"column":37}},"43":{"start":{"line":107,"column":8},"end":{"line":109,"column":9}},"44":{"start":{"line":108,"column":12},"end":{"line":108,"column":80}},"45":{"start":{"line":111,"column":24},"end":{"line":111,"column":53}},"46":{"start":{"line":112,"column":8},"end":{"line":117,"column":9}},"47":{"start":{"line":113,"column":12},"end":{"line":116,"column":15}},"48":{"start":{"line":119,"column":22},"end":{"line":137,"column":9}},"49":{"start":{"line":139,"column":25},"end":{"line":142,"column":9}},"50":{"start":{"line":144,"column":8},"end":{"line":146,"column":9}},"51":{"start":{"line":145,"column":12},"end":{"line":145,"column":72}},"52":{"start":{"line":147,"column":8},"end":{"line":147,"column":31}},"53":{"start":{"line":149,"column":8},"end":{"line":149,"column":88}},"54":{"start":{"line":153,"column":22},"end":{"line":171,"column":1}},"55":{"start":{"line":154,"column":4},"end":{"line":170,"column":5}},"56":{"start":{"line":155,"column":24},"end":{"line":155,"column":37}},"57":{"start":{"line":156,"column":8},"end":{"line":158,"column":9}},"58":{"start":{"line":157,"column":12},"end":{"line":157,"column":80}},"59":{"start":{"line":160,"column":25},"end":{"line":162,"column":9}},"60":{"start":{"line":164,"column":8},"end":{"line":166,"column":9}},"61":{"start":{"line":165,"column":12},"end":{"line":165,"column":72}},"62":{"start":{"line":167,"column":8},"end":{"line":167,"column":31}},"63":{"start":{"line":169,"column":8},"end":{"line":169,"column":88}},"64":{"start":{"line":173,"column":0},"end":{"line":173,"column":95}}},"fnMap":{"0":{"name":"validatePopularBody","decl":{"start":{"line":14,"column":9},"end":{"line":14,"column":28}},"loc":{"start":{"line":14,"column":35},"end":{"line":16,"column":1}},"line":14},"1":{"name":"(anonymous_1)","decl":{"start":{"line":15,"column":34},"end":{"line":15,"column":35}},"loc":{"start":{"line":15,"column":45},"end":{"line":15,"column":94}},"line":15},"2":{"name":"isValidObjectId","decl":{"start":{"line":21,"column":9},"end":{"line":21,"column":24}},"loc":{"start":{"line":21,"column":29},"end":{"line":23,"column":1}},"line":21},"3":{"name":"(anonymous_3)","decl":{"start":{"line":25,"column":22},"end":{"line":25,"column":23}},"loc":{"start":{"line":25,"column":42},"end":{"line":34,"column":1}},"line":25},"4":{"name":"(anonymous_4)","decl":{"start":{"line":36,"column":25},"end":{"line":36,"column":26}},"loc":{"start":{"line":36,"column":45},"end":{"line":64,"column":1}},"line":36},"5":{"name":"(anonymous_5)","decl":{"start":{"line":66,"column":19},"end":{"line":66,"column":20}},"loc":{"start":{"line":66,"column":39},"end":{"line":102,"column":1}},"line":66},"6":{"name":"(anonymous_6)","decl":{"start":{"line":104,"column":22},"end":{"line":104,"column":23}},"loc":{"start":{"line":104,"column":42},"end":{"line":151,"column":1}},"line":104},"7":{"name":"(anonymous_7)","decl":{"start":{"line":153,"column":22},"end":{"line":153,"column":23}},"loc":{"start":{"line":153,"column":42},"end":{"line":171,"column":1}},"line":153}},"branchMap":{"0":{"loc":{"start":{"line":15,"column":45},"end":{"line":15,"column":94}},"type":"binary-expr","locations":[{"start":{"line":15,"column":45},"end":{"line":15,"column":70}},{"start":{"line":15,"column":74},"end":{"line":15,"column":94}}],"line":15},"1":{"loc":{"start":{"line":22,"column":11},"end":{"line":22,"column":66}},"type":"binary-expr","locations":[{"start":{"line":22,"column":11},"end":{"line":22,"column":31}},{"start":{"line":22,"column":35},"end":{"line":22,"column":66}}],"line":22},"2":{"loc":{"start":{"line":42,"column":8},"end":{"line":54,"column":9}},"type":"if","locations":[{"start":{"line":42,"column":8},"end":{"line":54,"column":9}},{"start":{"line":52,"column":15},"end":{"line":54,"column":9}}],"line":42},"3":{"loc":{"start":{"line":48,"column":12},"end":{"line":51,"column":13}},"type":"if","locations":[{"start":{"line":48,"column":12},"end":{"line":51,"column":13}},{"start":{},"end":{}}],"line":48},"4":{"loc":{"start":{"line":57,"column":8},"end":{"line":59,"column":9}},"type":"if","locations":[{"start":{"line":57,"column":8},"end":{"line":59,"column":9}},{"start":{},"end":{}}],"line":57},"5":{"loc":{"start":{"line":69,"column":8},"end":{"line":74,"column":9}},"type":"if","locations":[{"start":{"line":69,"column":8},"end":{"line":74,"column":9}},{"start":{},"end":{}}],"line":69},"6":{"loc":{"start":{"line":107,"column":8},"end":{"line":109,"column":9}},"type":"if","locations":[{"start":{"line":107,"column":8},"end":{"line":109,"column":9}},{"start":{},"end":{}}],"line":107},"7":{"loc":{"start":{"line":112,"column":8},"end":{"line":117,"column":9}},"type":"if","locations":[{"start":{"line":112,"column":8},"end":{"line":117,"column":9}},{"start":{},"end":{}}],"line":112},"8":{"loc":{"start":{"line":144,"column":8},"end":{"line":146,"column":9}},"type":"if","locations":[{"start":{"line":144,"column":8},"end":{"line":146,"column":9}},{"start":{},"end":{}}],"line":144},"9":{"loc":{"start":{"line":156,"column":8},"end":{"line":158,"column":9}},"type":"if","locations":[{"start":{"line":156,"column":8},"end":{"line":158,"column":9}},{"start":{},"end":{}}],"line":156},"10":{"loc":{"start":{"line":164,"column":8},"end":{"line":166,"column":9}},"type":"if","locations":[{"start":{"line":164,"column":8},"end":{"line":166,"column":9}},{"start":{},"end":{}}],"line":164}},"s":{"0":1,"1":1,"2":1,"3":9,"4":153,"5":9,"6":1,"7":3,"8":3,"9":3,"10":2,"11":2,"12":1,"13":1,"14":5,"15":5,"16":5,"17":5,"18":5,"19":3,"20":3,"21":0,"22":3,"23":2,"24":2,"25":4,"26":4,"27":1,"28":3,"29":1,"30":1,"31":5,"32":5,"33":5,"34":3,"35":2,"36":2,"37":1,"38":1,"39":1,"40":1,"41":5,"42":5,"43":5,"44":1,"45":4,"46":4,"47":1,"48":3,"49":3,"50":2,"51":1,"52":1,"53":1,"54":1,"55":4,"56":4,"57":4,"58":1,"59":3,"60":2,"61":1,"62":1,"63":1,"64":1},"f":{"0":9,"1":153,"2":9,"3":3,"4":5,"5":5,"6":5,"7":4},"b":{"0":[153,103],"1":[9,7],"2":[3,2],"3":[2,1],"4":[1,3],"5":[3,2],"6":[1,4],"7":[1,3],"8":[1,1],"9":[1,3],"10":[1,1]},"_coverageSchema":"1a1c01bbd47fc00a2c39e90264f33305004495a9","hash":"5d0f61c431a332cfd48d4445b2a8b0ee4929d616"}
,"/Users/erikgerman/Documents/yourMovieApplication/controllers/moviesController.js": {"path":"/Users/erikgerman/Documents/yourMovieApplication/controllers/moviesController.js","statementMap":{"0":{"start":{"line":1,"column":16},"end":{"line":1,"column":41}},"1":{"start":{"line":2,"column":17},"end":{"line":2,"column":44}},"2":{"start":{"line":4,"column":24},"end":{"line":8,"column":1}},"3":{"start":{"line":15,"column":4},"end":{"line":15,"column":96}},"4":{"start":{"line":15,"column":45},"end":{"line":15,"column":94}},"5":{"start":{"line":22,"column":4},"end":{"line":22,"column":67}},"6":{"start":{"line":25,"column":21},"end":{"line":34,"column":1}},"7":{"start":{"line":26,"column":4},"end":{"line":33,"column":5}},"8":{"start":{"line":27,"column":23},"end":{"line":27,"column":78}},"9":{"start":{"line":28,"column":23},"end":{"line":28,"column":45}},"10":{"start":{"line":29,"column":8},"end":{"line":29,"column":58}},"11":{"start":{"line":30,"column":8},"end":{"line":30,"column":37}},"12":{"start":{"line":32,"column":8},"end":{"line":32,"column":91}},"13":{"start":{"line":36,"column":23},"end":{"line":64,"column":1}},"14":{"start":{"line":37,"column":4},"end":{"line":63,"column":5}},"15":{"start":{"line":38,"column":24},"end":{"line":38,"column":37}},"16":{"start":{"line":39,"column":27},"end":{"line":39,"column":69}},"17":{"start":{"line":40,"column":21},"end":{"line":40,"column":25}},"18":{"start":{"line":42,"column":8},"end":{"line":54,"column":9}},"19":{"start":{"line":43,"column":12},"end":{"line":47,"column":13}},"20":{"start":{"line":44,"column":16},"end":{"line":44,"column":82}},"21":{"start":{"line":46,"column":16},"end":{"line":46,"column":30}},"22":{"start":{"line":48,"column":12},"end":{"line":51,"column":13}},"23":{"start":{"line":50,"column":16},"end":{"line":50,"column":68}},"24":{"start":{"line":53,"column":12},"end":{"line":53,"column":64}},"25":{"start":{"line":56,"column":8},"end":{"line":56,"column":58}},"26":{"start":{"line":57,"column":8},"end":{"line":59,"column":9}},"27":{"start":{"line":58,"column":12},"end":{"line":58,"column":72}},"28":{"start":{"line":60,"column":8},"end":{"line":60,"column":37}},"29":{"start":{"line":62,"column":8},"end":{"line":62,"column":90}},"30":{"start":{"line":66,"column":17},"end":{"line":101,"column":1}},"31":{"start":{"line":67,"column":4},"end":{"line":100,"column":5}},"32":{"start":{"line":68,"column":24},"end":{"line":68,"column":51}},"33":{"start":{"line":69,"column":8},"end":{"line":74,"column":9}},"34":{"start":{"line":70,"column":12},"end":{"line":73,"column":15}},"35":{"start":{"line":76,"column":25},"end":{"line":93,"column":9}},"36":{"start":{"line":95,"column":23},"end":{"line":95,"column":91}},"37":{"start":{"line":96,"column":8},"end":{"line":96,"column":58}},"38":{"start":{"line":97,"column":8},"end":{"line":97,"column":101}},"39":{"start":{"line":99,"column":8},"end":{"line":99,"column":86}},"40":{"start":{"line":103,"column":20},"end":{"line":149,"column":1}},"41":{"start":{"line":104,"column":4},"end":{"line":148,"column":5}},"42":{"start":{"line":105,"column":24},"end":{"line":105,"column":37}},"43":{"start":{"line":106,"column":8},"end":{"line":108,"column":9}},"44":{"start":{"line":107,"column":12},"end":{"line":107,"column":80}},"45":{"start":{"line":110,"column":24},"end":{"line":110,"column":51}},"46":{"start":{"line":111,"column":8},"end":{"line":116,"column":9}},"47":{"start":{"line":112,"column":12},"end":{"line":115,"column":15}},"48":{"start":{"line":118,"column":22},"end":{"line":135,"column":9}},"49":{"start":{"line":137,"column":25},"end":{"line":140,"column":9}},"50":{"start":{"line":142,"column":8},"end":{"line":144,"column":9}},"51":{"start":{"line":143,"column":12},"end":{"line":143,"column":72}},"52":{"start":{"line":145,"column":8},"end":{"line":145,"column":31}},"53":{"start":{"line":147,"column":8},"end":{"line":147,"column":88}},"54":{"start":{"line":151,"column":20},"end":{"line":169,"column":1}},"55":{"start":{"line":152,"column":4},"end":{"line":168,"column":5}},"56":{"start":{"line":153,"column":24},"end":{"line":153,"column":37}},"57":{"start":{"line":154,"column":8},"end":{"line":156,"column":9}},"58":{"start":{"line":155,"column":12},"end":{"line":155,"column":80}},"59":{"start":{"line":158,"column":25},"end":{"line":160,"column":9}},"60":{"start":{"line":162,"column":8},"end":{"line":164,"column":9}},"61":{"start":{"line":163,"column":12},"end":{"line":163,"column":72}},"62":{"start":{"line":165,"column":8},"end":{"line":165,"column":31}},"63":{"start":{"line":167,"column":8},"end":{"line":167,"column":88}},"64":{"start":{"line":171,"column":0},"end":{"line":171,"column":86}}},"fnMap":{"0":{"name":"validateMovieBody","decl":{"start":{"line":14,"column":9},"end":{"line":14,"column":26}},"loc":{"start":{"line":14,"column":33},"end":{"line":16,"column":1}},"line":14},"1":{"name":"(anonymous_1)","decl":{"start":{"line":15,"column":34},"end":{"line":15,"column":35}},"loc":{"start":{"line":15,"column":45},"end":{"line":15,"column":94}},"line":15},"2":{"name":"isValidObjectId","decl":{"start":{"line":21,"column":9},"end":{"line":21,"column":24}},"loc":{"start":{"line":21,"column":29},"end":{"line":23,"column":1}},"line":21},"3":{"name":"(anonymous_3)","decl":{"start":{"line":25,"column":21},"end":{"line":25,"column":22}},"loc":{"start":{"line":25,"column":41},"end":{"line":34,"column":1}},"line":25},"4":{"name":"(anonymous_4)","decl":{"start":{"line":36,"column":23},"end":{"line":36,"column":24}},"loc":{"start":{"line":36,"column":43},"end":{"line":64,"column":1}},"line":36},"5":{"name":"(anonymous_5)","decl":{"start":{"line":66,"column":17},"end":{"line":66,"column":18}},"loc":{"start":{"line":66,"column":37},"end":{"line":101,"column":1}},"line":66},"6":{"name":"(anonymous_6)","decl":{"start":{"line":103,"column":20},"end":{"line":103,"column":21}},"loc":{"start":{"line":103,"column":40},"end":{"line":149,"column":1}},"line":103},"7":{"name":"(anonymous_7)","decl":{"start":{"line":151,"column":20},"end":{"line":151,"column":21}},"loc":{"start":{"line":151,"column":40},"end":{"line":169,"column":1}},"line":151}},"branchMap":{"0":{"loc":{"start":{"line":15,"column":45},"end":{"line":15,"column":94}},"type":"binary-expr","locations":[{"start":{"line":15,"column":45},"end":{"line":15,"column":70}},{"start":{"line":15,"column":74},"end":{"line":15,"column":94}}],"line":15},"1":{"loc":{"start":{"line":22,"column":11},"end":{"line":22,"column":66}},"type":"binary-expr","locations":[{"start":{"line":22,"column":11},"end":{"line":22,"column":31}},{"start":{"line":22,"column":35},"end":{"line":22,"column":66}}],"line":22},"2":{"loc":{"start":{"line":42,"column":8},"end":{"line":54,"column":9}},"type":"if","locations":[{"start":{"line":42,"column":8},"end":{"line":54,"column":9}},{"start":{"line":52,"column":15},"end":{"line":54,"column":9}}],"line":42},"3":{"loc":{"start":{"line":48,"column":12},"end":{"line":51,"column":13}},"type":"if","locations":[{"start":{"line":48,"column":12},"end":{"line":51,"column":13}},{"start":{},"end":{}}],"line":48},"4":{"loc":{"start":{"line":57,"column":8},"end":{"line":59,"column":9}},"type":"if","locations":[{"start":{"line":57,"column":8},"end":{"line":59,"column":9}},{"start":{},"end":{}}],"line":57},"5":{"loc":{"start":{"line":69,"column":8},"end":{"line":74,"column":9}},"type":"if","locations":[{"start":{"line":69,"column":8},"end":{"line":74,"column":9}},{"start":{},"end":{}}],"line":69},"6":{"loc":{"start":{"line":106,"column":8},"end":{"line":108,"column":9}},"type":"if","locations":[{"start":{"line":106,"column":8},"end":{"line":108,"column":9}},{"start":{},"end":{}}],"line":106},"7":{"loc":{"start":{"line":111,"column":8},"end":{"line":116,"column":9}},"type":"if","locations":[{"start":{"line":111,"column":8},"end":{"line":116,"column":9}},{"start":{},"end":{}}],"line":111},"8":{"loc":{"start":{"line":142,"column":8},"end":{"line":144,"column":9}},"type":"if","locations":[{"start":{"line":142,"column":8},"end":{"line":144,"column":9}},{"start":{},"end":{}}],"line":142},"9":{"loc":{"start":{"line":154,"column":8},"end":{"line":156,"column":9}},"type":"if","locations":[{"start":{"line":154,"column":8},"end":{"line":156,"column":9}},{"start":{},"end":{}}],"line":154},"10":{"loc":{"start":{"line":162,"column":8},"end":{"line":164,"column":9}},"type":"if","locations":[{"start":{"line":162,"column":8},"end":{"line":164,"column":9}},{"start":{},"end":{}}],"line":162}},"s":{"0":1,"1":1,"2":1,"3":9,"4":144,"5":9,"6":1,"7":3,"8":3,"9":3,"10":2,"11":2,"12":1,"13":1,"14":5,"15":5,"16":5,"17":5,"18":5,"19":3,"20":3,"21":0,"22":3,"23":2,"24":2,"25":4,"26":4,"27":1,"28":3,"29":1,"30":1,"31":5,"32":5,"33":5,"34":3,"35":2,"36":2,"37":1,"38":1,"39":1,"40":1,"41":5,"42":5,"43":5,"44":1,"45":4,"46":4,"47":1,"48":3,"49":3,"50":2,"51":1,"52":1,"53":1,"54":1,"55":4,"56":4,"57":4,"58":1,"59":3,"60":2,"61":1,"62":1,"63":1,"64":1},"f":{"0":9,"1":144,"2":9,"3":3,"4":5,"5":5,"6":5,"7":4},"b":{"0":[144,98],"1":[9,7],"2":[3,2],"3":[2,1],"4":[1,3],"5":[3,2],"6":[1,4],"7":[1,3],"8":[1,1],"9":[1,3],"10":[1,1]},"_coverageSchema":"1a1c01bbd47fc00a2c39e90264f33305004495a9","hash":"c5c3f8505dfb4f5388962aad7396298a3f5b09a7"}
,"/Users/erikgerman/Documents/yourMovieApplication/controllers/usersController.js": {"path":"/Users/erikgerman/Documents/yourMovieApplication/controllers/usersController.js","statementMap":{"0":{"start":{"line":1,"column":16},"end":{"line":1,"column":41}},"1":{"start":{"line":2,"column":17},"end":{"line":2,"column":44}},"2":{"start":{"line":4,"column":24},"end":{"line":6,"column":1}},"3":{"start":{"line":13,"column":4},"end":{"line":13,"column":96}},"4":{"start":{"line":13,"column":45},"end":{"line":13,"column":94}},"5":{"start":{"line":20,"column":4},"end":{"line":20,"column":67}},"6":{"start":{"line":23,"column":20},"end":{"line":32,"column":1}},"7":{"start":{"line":24,"column":4},"end":{"line":31,"column":5}},"8":{"start":{"line":25,"column":23},"end":{"line":25,"column":77}},"9":{"start":{"line":26,"column":22},"end":{"line":26,"column":44}},"10":{"start":{"line":27,"column":8},"end":{"line":27,"column":58}},"11":{"start":{"line":28,"column":8},"end":{"line":28,"column":36}},"12":{"start":{"line":30,"column":8},"end":{"line":30,"column":90}},"13":{"start":{"line":34,"column":22},"end":{"line":62,"column":1}},"14":{"start":{"line":35,"column":4},"end":{"line":61,"column":5}},"15":{"start":{"line":36,"column":23},"end":{"line":36,"column":36}},"16":{"start":{"line":37,"column":27},"end":{"line":37,"column":68}},"17":{"start":{"line":38,"column":21},"end":{"line":38,"column":25}},"18":{"start":{"line":40,"column":8},"end":{"line":52,"column":9}},"19":{"start":{"line":41,"column":12},"end":{"line":45,"column":13}},"20":{"start":{"line":42,"column":16},"end":{"line":42,"column":81}},"21":{"start":{"line":44,"column":16},"end":{"line":44,"column":30}},"22":{"start":{"line":46,"column":12},"end":{"line":49,"column":13}},"23":{"start":{"line":48,"column":16},"end":{"line":48,"column":67}},"24":{"start":{"line":51,"column":12},"end":{"line":51,"column":63}},"25":{"start":{"line":54,"column":8},"end":{"line":54,"column":58}},"26":{"start":{"line":55,"column":8},"end":{"line":57,"column":9}},"27":{"start":{"line":56,"column":12},"end":{"line":56,"column":71}},"28":{"start":{"line":58,"column":8},"end":{"line":58,"column":37}},"29":{"start":{"line":60,"column":8},"end":{"line":60,"column":89}},"30":{"start":{"line":64,"column":16},"end":{"line":87,"column":1}},"31":{"start":{"line":65,"column":4},"end":{"line":86,"column":5}},"32":{"start":{"line":66,"column":24},"end":{"line":66,"column":50}},"33":{"start":{"line":67,"column":8},"end":{"line":72,"column":9}},"34":{"start":{"line":68,"column":12},"end":{"line":71,"column":15}},"35":{"start":{"line":73,"column":24},"end":{"line":79,"column":9}},"36":{"start":{"line":81,"column":23},"end":{"line":81,"column":89}},"37":{"start":{"line":82,"column":8},"end":{"line":82,"column":58}},"38":{"start":{"line":83,"column":8},"end":{"line":83,"column":100}},"39":{"start":{"line":85,"column":8},"end":{"line":85,"column":85}},"40":{"start":{"line":89,"column":19},"end":{"line":124,"column":1}},"41":{"start":{"line":90,"column":4},"end":{"line":123,"column":5}},"42":{"start":{"line":91,"column":23},"end":{"line":91,"column":36}},"43":{"start":{"line":92,"column":8},"end":{"line":94,"column":9}},"44":{"start":{"line":93,"column":12},"end":{"line":93,"column":79}},"45":{"start":{"line":96,"column":24},"end":{"line":96,"column":50}},"46":{"start":{"line":97,"column":8},"end":{"line":102,"column":9}},"47":{"start":{"line":98,"column":12},"end":{"line":101,"column":15}},"48":{"start":{"line":104,"column":21},"end":{"line":110,"column":9}},"49":{"start":{"line":112,"column":25},"end":{"line":115,"column":9}},"50":{"start":{"line":117,"column":8},"end":{"line":119,"column":9}},"51":{"start":{"line":118,"column":12},"end":{"line":118,"column":71}},"52":{"start":{"line":120,"column":8},"end":{"line":120,"column":31}},"53":{"start":{"line":122,"column":8},"end":{"line":122,"column":87}},"54":{"start":{"line":126,"column":19},"end":{"line":144,"column":1}},"55":{"start":{"line":127,"column":4},"end":{"line":143,"column":5}},"56":{"start":{"line":128,"column":23},"end":{"line":128,"column":36}},"57":{"start":{"line":129,"column":8},"end":{"line":131,"column":9}},"58":{"start":{"line":130,"column":12},"end":{"line":130,"column":79}},"59":{"start":{"line":133,"column":25},"end":{"line":135,"column":9}},"60":{"start":{"line":137,"column":8},"end":{"line":139,"column":9}},"61":{"start":{"line":138,"column":12},"end":{"line":138,"column":71}},"62":{"start":{"line":140,"column":8},"end":{"line":140,"column":31}},"63":{"start":{"line":142,"column":8},"end":{"line":142,"column":87}},"64":{"start":{"line":146,"column":0},"end":{"line":146,"column":81}}},"fnMap":{"0":{"name":"validateUserBody","decl":{"start":{"line":12,"column":9},"end":{"line":12,"column":25}},"loc":{"start":{"line":12,"column":32},"end":{"line":14,"column":1}},"line":12},"1":{"name":"(anonymous_1)","decl":{"start":{"line":13,"column":34},"end":{"line":13,"column":35}},"loc":{"start":{"line":13,"column":45},"end":{"line":13,"column":94}},"line":13},"2":{"name":"isValidObjectId","decl":{"start":{"line":19,"column":9},"end":{"line":19,"column":24}},"loc":{"start":{"line":19,"column":29},"end":{"line":21,"column":1}},"line":19},"3":{"name":"(anonymous_3)","decl":{"start":{"line":23,"column":20},"end":{"line":23,"column":21}},"loc":{"start":{"line":23,"column":40},"end":{"line":32,"column":1}},"line":23},"4":{"name":"(anonymous_4)","decl":{"start":{"line":34,"column":22},"end":{"line":34,"column":23}},"loc":{"start":{"line":34,"column":42},"end":{"line":62,"column":1}},"line":34},"5":{"name":"(anonymous_5)","decl":{"start":{"line":64,"column":16},"end":{"line":64,"column":17}},"loc":{"start":{"line":64,"column":36},"end":{"line":87,"column":1}},"line":64},"6":{"name":"(anonymous_6)","decl":{"start":{"line":89,"column":19},"end":{"line":89,"column":20}},"loc":{"start":{"line":89,"column":39},"end":{"line":124,"column":1}},"line":89},"7":{"name":"(anonymous_7)","decl":{"start":{"line":126,"column":19},"end":{"line":126,"column":20}},"loc":{"start":{"line":126,"column":39},"end":{"line":144,"column":1}},"line":126}},"branchMap":{"0":{"loc":{"start":{"line":13,"column":45},"end":{"line":13,"column":94}},"type":"binary-expr","locations":[{"start":{"line":13,"column":45},"end":{"line":13,"column":70}},{"start":{"line":13,"column":74},"end":{"line":13,"column":94}}],"line":13},"1":{"loc":{"start":{"line":20,"column":11},"end":{"line":20,"column":66}},"type":"binary-expr","locations":[{"start":{"line":20,"column":11},"end":{"line":20,"column":31}},{"start":{"line":20,"column":35},"end":{"line":20,"column":66}}],"line":20},"2":{"loc":{"start":{"line":40,"column":8},"end":{"line":52,"column":9}},"type":"if","locations":[{"start":{"line":40,"column":8},"end":{"line":52,"column":9}},{"start":{"line":50,"column":15},"end":{"line":52,"column":9}}],"line":40},"3":{"loc":{"start":{"line":46,"column":12},"end":{"line":49,"column":13}},"type":"if","locations":[{"start":{"line":46,"column":12},"end":{"line":49,"column":13}},{"start":{},"end":{}}],"line":46},"4":{"loc":{"start":{"line":55,"column":8},"end":{"line":57,"column":9}},"type":"if","locations":[{"start":{"line":55,"column":8},"end":{"line":57,"column":9}},{"start":{},"end":{}}],"line":55},"5":{"loc":{"start":{"line":67,"column":8},"end":{"line":72,"column":9}},"type":"if","locations":[{"start":{"line":67,"column":8},"end":{"line":72,"column":9}},{"start":{},"end":{}}],"line":67},"6":{"loc":{"start":{"line":92,"column":8},"end":{"line":94,"column":9}},"type":"if","locations":[{"start":{"line":92,"column":8},"end":{"line":94,"column":9}},{"start":{},"end":{}}],"line":92},"7":{"loc":{"start":{"line":97,"column":8},"end":{"line":102,"column":9}},"type":"if","locations":[{"start":{"line":97,"column":8},"end":{"line":102,"column":9}},{"start":{},"end":{}}],"line":97},"8":{"loc":{"start":{"line":117,"column":8},"end":{"line":119,"column":9}},"type":"if","locations":[{"start":{"line":117,"column":8},"end":{"line":119,"column":9}},{"start":{},"end":{}}],"line":117},"9":{"loc":{"start":{"line":129,"column":8},"end":{"line":131,"column":9}},"type":"if","locations":[{"start":{"line":129,"column":8},"end":{"line":131,"column":9}},{"start":{},"end":{}}],"line":129},"10":{"loc":{"start":{"line":137,"column":8},"end":{"line":139,"column":9}},"type":"if","locations":[{"start":{"line":137,"column":8},"end":{"line":139,"column":9}},{"start":{},"end":{}}],"line":137}},"s":{"0":1,"1":1,"2":1,"3":9,"4":45,"5":9,"6":1,"7":3,"8":3,"9":3,"10":2,"11":2,"12":1,"13":1,"14":5,"15":5,"16":5,"17":5,"18":5,"19":3,"20":3,"21":0,"22":3,"23":2,"24":2,"25":4,"26":4,"27":1,"28":3,"29":1,"30":1,"31":5,"32":5,"33":5,"34":3,"35":2,"36":2,"37":1,"38":1,"39":1,"40":1,"41":5,"42":5,"43":5,"44":1,"45":4,"46":4,"47":1,"48":3,"49":3,"50":2,"51":1,"52":1,"53":1,"54":1,"55":4,"56":4,"57":4,"58":1,"59":3,"60":2,"61":1,"62":1,"63":1,"64":1},"f":{"0":9,"1":45,"2":9,"3":3,"4":5,"5":5,"6":5,"7":4},"b":{"0":[45,31],"1":[9,7],"2":[3,2],"3":[2,1],"4":[1,3],"5":[3,2],"6":[1,4],"7":[1,3],"8":[1,1],"9":[1,3],"10":[1,1]},"_coverageSchema":"1a1c01bbd47fc00a2c39e90264f33305004495a9","hash":"676e93a15034128d5baa09bf3a037daa5a0831f3"}
}
