TN:
SF:__tests__\helpers\mockDb.js
FN:7,createMockCollection
FN:25,createMockReqRes
FN:45,validObjectId
FNF:3
FNH:3
FNDA:4,createMockCollection
FNDA:88,createMockReqRes
FNDA:40,validObjectId
DA:1,4
DA:8,4
DA:12,4
DA:26,88
DA:32,88
DA:39,88
DA:46,40
DA:49,4
LF:8
LH:8
BRDA:25,0,0,12
BRF:1
BRH:1
end_of_record
TN:
SF:controllers\commentsController.js
FN:12,validateCommentBody
FN:13,(anonymous_1)
FN:19,isValidObjectId
FN:23,(anonymous_3)
FN:34,(anonymous_4)
FN:64,(anonymous_5)
FN:91,(anonymous_6)
FN:129,(anonymous_7)
FNF:8
FNH:8
FNDA:9,validateCommentBody
FNDA:54,(anonymous_1)
FNDA:9,isValidObjectId
FNDA:3,(anonymous_3)
FNDA:5,(anonymous_4)
FNDA:5,(anonymous_5)
FNDA:5,(anonymous_6)
FNDA:4,(anonymous_7)
DA:1,1
DA:2,1
DA:4,1
DA:13,54
DA:20,9
DA:23,1
DA:24,3
DA:25,3
DA:26,3
DA:27,2
DA:28,2
DA:30,1
DA:34,1
DA:35,5
DA:36,5
DA:37,5
DA:38,5
DA:40,5
DA:41,3
DA:42,3
DA:44,0
DA:46,3
DA:48,2
DA:51,2
DA:54,4
DA:55,4
DA:56,1
DA:58,3
DA:60,1
DA:64,1
DA:65,5
DA:66,5
DA:67,5
DA:68,3
DA:74,2
DA:83,2
DA:84,1
DA:85,1
DA:87,1
DA:91,1
DA:92,5
DA:93,5
DA:94,5
DA:95,1
DA:98,4
DA:99,4
DA:100,1
DA:106,3
DA:115,3
DA:120,2
DA:121,1
DA:123,1
DA:125,1
DA:129,1
DA:130,4
DA:131,4
DA:132,4
DA:133,1
DA:136,3
DA:140,2
DA:141,1
DA:143,1
DA:145,1
DA:149,1
LF:64
LH:63
BRDA:13,0,0,54
BRDA:13,0,1,37
BRDA:20,1,0,9
BRDA:20,1,1,7
BRDA:40,2,0,3
BRDA:40,2,1,2
BRDA:46,3,0,2
BRDA:46,3,1,1
BRDA:55,4,0,1
BRDA:55,4,1,3
BRDA:67,5,0,3
BRDA:67,5,1,2
BRDA:94,6,0,1
BRDA:94,6,1,4
BRDA:99,7,0,1
BRDA:99,7,1,3
BRDA:120,8,0,1
BRDA:120,8,1,1
BRDA:132,9,0,1
BRDA:132,9,1,3
BRDA:140,10,0,1
BRDA:140,10,1,1
BRF:22
BRH:22
end_of_record
TN:
SF:controllers\mostPopularController.js
FN:14,validatePopularBody
FN:15,(anonymous_1)
FN:21,isValidObjectId
FN:25,(anonymous_3)
FN:36,(anonymous_4)
FN:66,(anonymous_5)
FN:104,(anonymous_6)
FN:153,(anonymous_7)
FNF:8
FNH:8
FNDA:9,validatePopularBody
FNDA:153,(anonymous_1)
FNDA:9,isValidObjectId
FNDA:3,(anonymous_3)
FNDA:5,(anonymous_4)
FNDA:5,(anonymous_5)
FNDA:5,(anonymous_6)
FNDA:4,(anonymous_7)
DA:1,1
DA:2,1
DA:4,1
DA:15,153
DA:22,9
DA:25,1
DA:26,3
DA:27,3
DA:28,3
DA:29,2
DA:30,2
DA:32,1
DA:36,1
DA:37,5
DA:38,5
DA:39,5
DA:40,5
DA:42,5
DA:43,3
DA:44,3
DA:46,0
DA:48,3
DA:50,2
DA:53,2
DA:56,4
DA:57,4
DA:58,1
DA:60,3
DA:62,1
DA:66,1
DA:67,5
DA:68,5
DA:69,5
DA:70,3
DA:76,2
DA:96,2
DA:97,1
DA:98,1
DA:100,1
DA:104,1
DA:105,5
DA:106,5
DA:107,5
DA:108,1
DA:111,4
DA:112,4
DA:113,1
DA:119,3
DA:139,3
DA:144,2
DA:145,1
DA:147,1
DA:149,1
DA:153,1
DA:154,4
DA:155,4
DA:156,4
DA:157,1
DA:160,3
DA:164,2
DA:165,1
DA:167,1
DA:169,1
DA:173,1
LF:64
LH:63
BRDA:15,0,0,153
BRDA:15,0,1,103
BRDA:22,1,0,9
BRDA:22,1,1,7
BRDA:42,2,0,3
BRDA:42,2,1,2
BRDA:48,3,0,2
BRDA:48,3,1,1
BRDA:57,4,0,1
BRDA:57,4,1,3
BRDA:69,5,0,3
BRDA:69,5,1,2
BRDA:107,6,0,1
BRDA:107,6,1,4
BRDA:112,7,0,1
BRDA:112,7,1,3
BRDA:144,8,0,1
BRDA:144,8,1,1
BRDA:156,9,0,1
BRDA:156,9,1,3
BRDA:164,10,0,1
BRDA:164,10,1,1
BRF:22
BRH:22
end_of_record
TN:
SF:controllers\moviesController.js
FN:14,validateMovieBody
FN:15,(anonymous_1)
FN:21,isValidObjectId
FN:25,(anonymous_3)
FN:36,(anonymous_4)
FN:66,(anonymous_5)
FN:103,(anonymous_6)
FN:151,(anonymous_7)
FNF:8
FNH:8
FNDA:9,validateMovieBody
FNDA:144,(anonymous_1)
FNDA:9,isValidObjectId
FNDA:3,(anonymous_3)
FNDA:5,(anonymous_4)
FNDA:5,(anonymous_5)
FNDA:5,(anonymous_6)
FNDA:4,(anonymous_7)
DA:1,1
DA:2,1
DA:4,1
DA:15,144
DA:22,9
DA:25,1
DA:26,3
DA:27,3
DA:28,3
DA:29,2
DA:30,2
DA:32,1
DA:36,1
DA:37,5
DA:38,5
DA:39,5
DA:40,5
DA:42,5
DA:43,3
DA:44,3
DA:46,0
DA:48,3
DA:50,2
DA:53,2
DA:56,4
DA:57,4
DA:58,1
DA:60,3
DA:62,1
DA:66,1
DA:67,5
DA:68,5
DA:69,5
DA:70,3
DA:76,2
DA:95,2
DA:96,1
DA:97,1
DA:99,1
DA:103,1
DA:104,5
DA:105,5
DA:106,5
DA:107,1
DA:110,4
DA:111,4
DA:112,1
DA:118,3
DA:137,3
DA:142,2
DA:143,1
DA:145,1
DA:147,1
DA:151,1
DA:152,4
DA:153,4
DA:154,4
DA:155,1
DA:158,3
DA:162,2
DA:163,1
DA:165,1
DA:167,1
DA:171,1
LF:64
LH:63
BRDA:15,0,0,144
BRDA:15,0,1,98
BRDA:22,1,0,9
BRDA:22,1,1,7
BRDA:42,2,0,3
BRDA:42,2,1,2
BRDA:48,3,0,2
BRDA:48,3,1,1
BRDA:57,4,0,1
BRDA:57,4,1,3
BRDA:69,5,0,3
BRDA:69,5,1,2
BRDA:106,6,0,1
BRDA:106,6,1,4
BRDA:111,7,0,1
BRDA:111,7,1,3
BRDA:142,8,0,1
BRDA:142,8,1,1
BRDA:154,9,0,1
BRDA:154,9,1,3
BRDA:162,10,0,1
BRDA:162,10,1,1
BRF:22
BRH:22
end_of_record
TN:
SF:controllers\usersController.js
FN:12,validateUserBody
FN:13,(anonymous_1)
FN:19,isValidObjectId
FN:23,(anonymous_3)
FN:34,(anonymous_4)
FN:64,(anonymous_5)
FN:89,(anonymous_6)
FN:126,(anonymous_7)
FNF:8
FNH:8
FNDA:9,validateUserBody
FNDA:45,(anonymous_1)
FNDA:9,isValidObjectId
FNDA:3,(anonymous_3)
FNDA:5,(anonymous_4)
FNDA:5,(anonymous_5)
FNDA:5,(anonymous_6)
FNDA:4,(anonymous_7)
DA:1,1
DA:2,1
DA:4,1
DA:13,45
DA:20,9
DA:23,1
DA:24,3
DA:25,3
DA:26,3
DA:27,2
DA:28,2
DA:30,1
DA:34,1
DA:35,5
DA:36,5
DA:37,5
DA:38,5
DA:40,5
DA:41,3
DA:42,3
DA:44,0
DA:46,3
DA:48,2
DA:51,2
DA:54,4
DA:55,4
DA:56,1
DA:58,3
DA:60,1
DA:64,1
DA:65,5
DA:66,5
DA:67,5
DA:68,3
DA:73,2
DA:81,2
DA:82,1
DA:83,1
DA:85,1
DA:89,1
DA:90,5
DA:91,5
DA:92,5
DA:93,1
DA:96,4
DA:97,4
DA:98,1
DA:104,3
DA:112,3
DA:117,2
DA:118,1
DA:120,1
DA:122,1
DA:126,1
DA:127,4
DA:128,4
DA:129,4
DA:130,1
DA:133,3
DA:137,2
DA:138,1
DA:140,1
DA:142,1
DA:146,1
LF:64
LH:63
BRDA:13,0,0,45
BRDA:13,0,1,31
BRDA:20,1,0,9
BRDA:20,1,1,7
BRDA:40,2,0,3
BRDA:40,2,1,2
BRDA:46,3,0,2
BRDA:46,3,1,1
BRDA:55,4,0,1
BRDA:55,4,1,3
BRDA:67,5,0,3
BRDA:67,5,1,2
BRDA:92,6,0,1
BRDA:92,6,1,4
BRDA:97,7,0,1
BRDA:97,7,1,3
BRDA:117,8,0,1
BRDA:117,8,1,1
BRDA:129,9,0,1
BRDA:129,9,1,3
BRDA:137,10,0,1
BRDA:137,10,1,1
BRF:22
BRH:22
end_of_record
